-------------------------------------------------------------------------------
Test set: com.processador.contas.functionalTests.TabelasDecisaoTest
-------------------------------------------------------------------------------
Tests run: 9, Failures: 1, Errors: 0, Skipped: 0, Time elapsed: 0.002 s <<< FAILURE! - in com.processador.contas.functionalTests.TabelasDecisaoTest
deveMarcarFaturaComoPendenteQuandoBoletoComDataInvalida  Time elapsed: 0 s  <<< FAILURE!
java.lang.AssertionError: expected:<PENDENTE> but was:<PAGA>
	at com.processador.contas.functionalTests.TabelasDecisaoTest.deveMarcarFaturaComoPendenteQuandoBoletoComDataInvalida(TabelasDecisaoTest.java:40)

