-------------------------------------------------------------------------------
Test set: com.processador.contas.functionalTestsJ5.AnaliseValoresLimiteJ5Test
-------------------------------------------------------------------------------
Tests run: 8, Failures: 1, Errors: 1, Skipped: 0, Time elapsed: 0.092 s <<< FAILURE! - in com.processador.contas.functionalTestsJ5.AnaliseValoresLimiteJ5Test
deveMarcarFaturaComoPendenteQuandoNaoHaPagamentos  Time elapsed: 0.053 s  <<< ERROR!
java.lang.IllegalArgumentException: A lista de contas não pode ser nula ou vazia
	at com.processador.contas.functionalTestsJ5.AnaliseValoresLimiteJ5Test.deveMarcarFaturaComoPendenteQuandoNaoHaPagamentos(AnaliseValoresLimiteJ5Test.java:37)

deveMarcarFaturaComoPagaQuandoPagamentoExatamenteIgual  Time elapsed: 0.003 s  <<< FAILURE!
org.opentest4j.AssertionFailedError: expected: <PAGA> but was: <PENDENTE>
	at com.processador.contas.functionalTestsJ5.AnaliseValoresLimiteJ5Test.deveMarcarFaturaComoPagaQuandoPagamentoExatamenteIgual(AnaliseValoresLimiteJ5Test.java:67)

