<?xml version="1.0" encoding="UTF-8"?>
<testsuite xmlns:xsi="http://www.w3.org/2001/XMLSchema-instance" xsi:noNamespaceSchemaLocation="https://maven.apache.org/surefire/maven-surefire-plugin/xsd/surefire-test-report.xsd" name="com.processador.contas.ProcessadorContasTest" time="0.053" tests="6" errors="0" skipped="0" failures="0">
  <properties>
[...]
</properties>
  <testcase name="naoDevePermitirPagamentoBoletoComValorInvalido" classname="com.processador.contas.ProcessadorContasTest" time="0.011"/>
  <testcase name="deveMarcarFaturaComoPendenteQuandoPagamentosInsuficientes" classname="com.processador.contas.ProcessadorContasTest" time="0"/>
  <testcase name="deveAplicarMultaParaBoletosAtrasados" classname="com.processador.contas.ProcessadorContasTest" time="0"/>
  <testcase name="deveIncluirPagamentosPorCartaoDeCreditoDentroDoPrazo" classname="com.processador.contas.ProcessadorContasTest" time="0"/>
  <testcase name="deveIgnorarPagamentosPorCartaoDeCreditoForaDoPrazo" classname="com.processador.contas.ProcessadorContasTest" time="0.001"/>
  <testcase name="deveMarcarFaturaComoPagaQuandoPagamentosSuficientes" classname="com.processador.contas.ProcessadorContasTest" time="0"/>
</testsuite>