<?xml version="1.0" encoding="UTF-8"?>
<testsuite xmlns:xsi="http://www.w3.org/2001/XMLSchema-instance" xsi:noNamespaceSchemaLocation="https://maven.apache.org/surefire/maven-surefire-plugin/xsd/surefire-test-report.xsd" name="com.processador.contas.functionalTests.TabelasDecisaoTest" time="0.191" tests="9" errors="0" skipped="0" failures="1">
  <properties>
    <property name="java.specification.version" value="17"/>
    <property name="sun.cpu.isalist" value="amd64"/>
    <property name="sun.jnu.encoding" value="Cp1252"/>
    <property name="java.class.path" value="C:\Users\yalle\Desktop\Exercicio2V-V\ProcessadorContas\processadorcontas\target\test-classes;C:\Users\yalle\Desktop\Exercicio2V-V\ProcessadorContas\processadorcontas\target\classes;C:\Users\yalle\.m2\repository\junit\junit\4.11\junit-4.11.jar;C:\Users\yalle\.m2\repository\org\hamcrest\hamcrest-core\1.3\hamcrest-core-1.3.jar;"/>
    <property name="java.vm.vendor" value="Oracle Corporation"/>
    <property name="sun.arch.data.model" value="64"/>
    <property name="user.variant" value=""/>
    <property name="java.vendor.url" value="https://java.oracle.com/"/>
    <property name="user.timezone" value="America/Sao_Paulo"/>
    <property name="os.name" value="Windows 10"/>
    <property name="java.vm.specification.version" value="17"/>
    <property name="user.country" value="BR"/>
    <property name="sun.java.launcher" value="SUN_STANDARD"/>
    <property name="sun.boot.library.path" value="C:\Program Files\Java\jdk-17\bin"/>
    <property name="sun.java.command" value="C:\Users\yalle\AppData\Local\Temp\surefire17658910902823312751\surefirebooter12984562957455517547.jar C:\Users\yalle\AppData\Local\Temp\surefire17658910902823312751 2025-02-18T22-41-58_428-jvmRun1 surefire8671116130275526995tmp surefire_014818577210255121042tmp"/>
    <property name="jdk.debug" value="release"/>
    <property name="test" value="com.processador.contas.functionalTests.TabelasDecisaoTest"/>
    <property name="surefire.test.class.path" value="C:\Users\yalle\Desktop\Exercicio2V-V\ProcessadorContas\processadorcontas\target\test-classes;C:\Users\yalle\Desktop\Exercicio2V-V\ProcessadorContas\processadorcontas\target\classes;C:\Users\yalle\.m2\repository\junit\junit\4.11\junit-4.11.jar;C:\Users\yalle\.m2\repository\org\hamcrest\hamcrest-core\1.3\hamcrest-core-1.3.jar;"/>
    <property name="sun.cpu.endian" value="little"/>
    <property name="user.home" value="C:\Users\yalle"/>
    <property name="user.language" value="pt"/>
    <property name="java.specification.vendor" value="Oracle Corporation"/>
    <property name="java.version.date" value="2023-07-18"/>
    <property name="java.home" value="C:\Program Files\Java\jdk-17"/>
    <property name="file.separator" value="\"/>
    <property name="basedir" value="C:\Users\yalle\Desktop\Exercicio2V-V\ProcessadorContas\processadorcontas"/>
    <property name="java.vm.compressedOopsMode" value="32-bit"/>
    <property name="line.separator" value="&#10;"/>
    <property name="java.vm.specification.vendor" value="Oracle Corporation"/>
    <property name="java.specification.name" value="Java Platform API Specification"/>
    <property name="surefire.real.class.path" value="C:\Users\yalle\AppData\Local\Temp\surefire17658910902823312751\surefirebooter12984562957455517547.jar"/>
    <property name="user.script" value=""/>
    <property name="sun.management.compiler" value="HotSpot 64-Bit Tiered Compilers"/>
    <property name="java.runtime.version" value="17.0.8+9-LTS-211"/>
    <property name="user.name" value="yalle"/>
    <property name="path.separator" value=";"/>
    <property name="os.version" value="10.0"/>
    <property name="java.runtime.name" value="Java(TM) SE Runtime Environment"/>
    <property name="file.encoding" value="Cp1252"/>
    <property name="java.vm.name" value="Java HotSpot(TM) 64-Bit Server VM"/>
    <property name="maven.ext.class.path" value="C:\Users\yalle\.vscode\extensions\oracle.oracle-java-23.1.0\nbcode\java\maven-nblib\netbeans-eventspy.jar"/>
    <property name="localRepository" value="C:\Users\yalle\.m2\repository"/>
    <property name="java.vendor.url.bug" value="https://bugreport.java.com/bugreport/"/>
    <property name="java.io.tmpdir" value="C:\Users\yalle\AppData\Local\Temp\"/>
    <property name="java.version" value="17.0.8"/>
    <property name="user.dir" value="C:\Users\yalle\Desktop\Exercicio2V-V\ProcessadorContas\processadorcontas"/>
    <property name="os.arch" value="amd64"/>
    <property name="java.vm.specification.name" value="Java Virtual Machine Specification"/>
    <property name="sun.os.patch.level" value=""/>
    <property name="native.encoding" value="Cp1252"/>
    <property name="java.library.path" value="C:\Program Files\Java\jdk-17\bin;C:\WINDOWS\Sun\Java\bin;C:\WINDOWS\system32;C:\WINDOWS;C:\Python311\Scripts\;C:\Python311\;C:\Program Files\Common Files\Oracle\Java\javapath;C:\Program Files\Java\jdk-17\bin;C:\Program Files\Eclipse Adoptium\jdk-11.0.15.10-hotspot\bin;C:\WINDOWS\system32;C:\WINDOWS;C:\WINDOWS\System32\Wbem;C:\WINDOWS\System32\WindowsPowerShell\v1.0\;C:\WINDOWS\System32\OpenSSH\;C:\MinGW\bin;C:\MinGW\mingw32\bin;C:\Users\yalle\Documents\CÃ³digos\pyArm.ino;C:\Program Files\Git\cmd;C:\Users\yalle\vcpkg;C:\Program Files\Microsoft SQL Server\150\Tools\Binn\;C:\Users\yalle\vcpkg\installed\x64-windows\include\eigen3\Eigen;C:\ProgramData\chocolatey\bin;C:\Users\yalle\AppData\Local\Programs\Python\Python311\Lib\site-packages\torch\lib\;C:\Program Files (x86)\Windows Kits\10\Windows Performance Toolkit\;C:\Program Files\poppler-24.07.0\Library\bin;;C:\minikube;C:\Program Files\Docker\Docker\resources\bin;C:\Users\yalle\AppData\Local\Programs\Python\Python311\Scripts\;C:\Users\yalle\AppData\Local\Programs\Python\Python311\;C:\Program Files\MySQL\MySQL Shell 8.0\bin\;C:\Users\yalle\AppData\Local\Microsoft\WindowsApps;C:\Users\yalle\AppData\Local\Programs\Microsoft VS Code\bin;C:\Users\yalle\AppData\Local\GitHubDesktop\bin;C:\apache-maven-3.8.6\bin;C:\src\flutter\bin;C:\Program Files\JetBrains\IntelliJ IDEA 2024.2.0.2\bin;;C:\tools\ghc-9.6.2\bin;C:\Users\yalle\AppData\Roaming\cabal\bin;C:\tools\ghc-9.6.2\bin;C:\tools\msys64;;."/>
    <property name="java.vm.info" value="mixed mode, sharing"/>
    <property name="java.vendor" value="Oracle Corporation"/>
    <property name="java.vm.version" value="17.0.8+9-LTS-211"/>
    <property name="sun.io.unicode.encoding" value="UnicodeLittle"/>
    <property name="java.class.version" value="61.0"/>
  </properties>
  <testcase name="deveMarcarFaturaComoPagaQuandoBoletoValidoEValorSuficiente" classname="com.processador.contas.functionalTests.TabelasDecisaoTest" time="0.023"/>
  <testcase name="deveMarcarFaturaComoPendenteQuandoCartaoCreditoComValorInsuficiente" classname="com.processador.contas.functionalTests.TabelasDecisaoTest" time="0"/>
  <testcase name="deveMarcarFaturaComoPendenteQuandoBoletoComDataInvalida" classname="com.processador.contas.functionalTests.TabelasDecisaoTest" time="0.008">
    <failure message="expected:&lt;PENDENTE&gt; but was:&lt;PAGA&gt;" type="java.lang.AssertionError"><![CDATA[java.lang.AssertionError: expected:<PENDENTE> but was:<PAGA>
	at com.processador.contas.functionalTests.TabelasDecisaoTest.deveMarcarFaturaComoPendenteQuandoBoletoComDataInvalida(TabelasDecisaoTest.java:40)
]]></failure>
  </testcase>
  <testcase name="deveMarcarFaturaComoPagaQuandoCartaoCreditoDentroDoPrazo" classname="com.processador.contas.functionalTests.TabelasDecisaoTest" time="0.001"/>
  <testcase name="deveMarcarFaturaComoPendenteQuandoBoletoValidoMasValorInsuficiente" classname="com.processador.contas.functionalTests.TabelasDecisaoTest" time="0"/>
  <testcase name="deveMarcarFaturaComoPendenteQuandoCartaoCreditoForaDoPrazo" classname="com.processador.contas.functionalTests.TabelasDecisaoTest" time="0.004"/>
  <testcase name="deveMarcarFaturaComoPendenteQuandoTransferenciaBancariaComDataInvalida" classname="com.processador.contas.functionalTests.TabelasDecisaoTest" time="0.003"/>
  <testcase name="deveMarcarFaturaComoPagaQuandoTransferenciaBancariaDentroDoPrazo" classname="com.processador.contas.functionalTests.TabelasDecisaoTest" time="0.001"/>
  <testcase name="deveMarcarFaturaComoPendenteQuandoTransferenciaBancariaComValorInsuficiente" classname="com.processador.contas.functionalTests.TabelasDecisaoTest" time="0"/>
</testsuite>