<?xml version="1.0" encoding="UTF-8"?>
<testsuite xmlns:xsi="http://www.w3.org/2001/XMLSchema-instance" xsi:noNamespaceSchemaLocation="https://maven.apache.org/surefire/maven-surefire-plugin/xsd/surefire-test-report.xsd" name="com.processador.contas.functionalTests.TabelasDecisaoTest" time="0.191" tests="9" errors="0" skipped="0" failures="1">
  <properties>
[...]
</properties>
  <testcase name="deveMarcarFaturaComoPagaQuandoBoletoValidoEValorSuficiente" classname="com.processador.contas.functionalTests.TabelasDecisaoTest" time="0.023"/>
  <testcase name="deveMarcarFaturaComoPendenteQuandoCartaoCreditoComValorInsuficiente" classname="com.processador.contas.functionalTests.TabelasDecisaoTest" time="0"/>
  <testcase name="deveMarcarFaturaComoPendenteQuandoBoletoComDataInvalida" classname="com.processador.contas.functionalTests.TabelasDecisaoTest" time="0.008">
    <failure message="expected:&lt;PENDENTE&gt; but was:&lt;PAGA&gt;" type="java.lang.AssertionError"><![CDATA[java.lang.AssertionError: expected:<PENDENTE> but was:<PAGA>
	at com.processador.contas.functionalTests.TabelasDecisaoTest.deveMarcarFaturaComoPendenteQuandoBoletoComDataInvalida(TabelasDecisaoTest.java:40)
]]></failure>
  </testcase>
  <testcase name="deveMarcarFaturaComoPagaQuandoCartaoCreditoDentroDoPrazo" classname="com.processador.contas.functionalTests.TabelasDecisaoTest" time="0.001"/>
  <testcase name="deveMarcarFaturaComoPendenteQuandoBoletoValidoMasValorInsuficiente" classname="com.processador.contas.functionalTests.TabelasDecisaoTest" time="0"/>
  <testcase name="deveMarcarFaturaComoPendenteQuandoCartaoCreditoForaDoPrazo" classname="com.processador.contas.functionalTests.TabelasDecisaoTest" time="0.004"/>
  <testcase name="deveMarcarFaturaComoPendenteQuandoTransferenciaBancariaComDataInvalida" classname="com.processador.contas.functionalTests.TabelasDecisaoTest" time="0.003"/>
  <testcase name="deveMarcarFaturaComoPagaQuandoTransferenciaBancariaDentroDoPrazo" classname="com.processador.contas.functionalTests.TabelasDecisaoTest" time="0.001"/>
  <testcase name="deveMarcarFaturaComoPendenteQuandoTransferenciaBancariaComValorInsuficiente" classname="com.processador.contas.functionalTests.TabelasDecisaoTest" time="0"/>
</testsuite>